events.js:173
      throw er; // Unhandled 'error' event
      ^

Error: Redis connection to localhost:6379 failed - read ECONNRESET
    at TCP.onStreamRead (internal/stream_base_commons.js:183:27)
Emitted 'error' event at:
    at RedisClient.on_error (E:\mm_koa\node_modules\redis\index.js:406:14)
    at Socket.<anonymous> (E:\mm_koa\node_modules\redis\index.js:279:14)
    at Socket.emit (events.js:196:13)
    at emitErrorNT (internal/streams/destroy.js:91:8)
    at emitErrorAndCloseNT (internal/streams/destroy.js:59:3)
    at processTicksAndRejections (internal/process/task_queues.js:84:17)
events.js:173
      throw er; // Unhandled 'error' event
      ^

Error: Redis connection to localhost:6379 failed - connect ECONNREFUSED 127.0.0.1:6379
    at TCPConnectWrap.afterConnect [as oncomplete] (net.js:1054:14)
Emitted 'error' event at:
    at RedisClient.on_error (E:\mm_koa\node_modules\redis\index.js:406:14)
    at Socket.<anonymous> (E:\mm_koa\node_modules\redis\index.js:279:14)
    at Socket.emit (events.js:196:13)
    at emitErrorNT (internal/streams/destroy.js:91:8)
    at emitErrorAndCloseNT (internal/streams/destroy.js:59:3)
    at processTicksAndRejections (internal/process/task_queues.js:84:17)
internal/child_process.js:373
    throw errnoException(err, 'spawn');
    ^

Error: spawn EROFS
    at ChildProcess.spawn (internal/child_process.js:373:11)
    at spawn (child_process.js:549:9)
    at Object.execFile (child_process.js:231:17)
    at exec (child_process.js:159:18)
    at Object.elevate (C:\Users\Administrator\AppData\Roaming\npm\node_modules\node-windows\lib\binaries.js:44:5)
    at write (C:\Users\Administrator\AppData\Roaming\npm\node_modules\node-windows\lib\eventlog.js:61:10)
    at logger.value [as warn] (C:\Users\Administrator\AppData\Roaming\npm\node_modules\node-windows\lib\eventlog.js:173:9)
    at ChildProcess.<anonymous> (C:\Users\Administrator\AppData\Roaming\npm\node_modules\node-windows\lib\wrapper.js:157:9)
    at ChildProcess.emit (events.js:196:13)
    at Process.ChildProcess._handle.onexit (internal/child_process.js:256:12)
events.js:173
      throw er; // Unhandled 'error' event
      ^

Error: Redis connection to localhost:6379 failed - read ECONNRESET
    at TCP.onStreamRead (internal/stream_base_commons.js:183:27)
Emitted 'error' event at:
    at RedisClient.on_error (E:\mm_koa\node_modules\redis\index.js:406:14)
    at Socket.<anonymous> (E:\mm_koa\node_modules\redis\index.js:279:14)
    at Socket.emit (events.js:196:13)
    at emitErrorNT (internal/streams/destroy.js:91:8)
    at emitErrorAndCloseNT (internal/streams/destroy.js:59:3)
    at processTicksAndRejections (internal/process/task_queues.js:84:17)
events.js:173
      throw er; // Unhandled 'error' event
      ^

Error: Redis connection to localhost:6379 failed - read ECONNRESET
    at TCP.onStreamRead (internal/stream_base_commons.js:183:27)
Emitted 'error' event at:
    at RedisClient.on_error (E:\mm_koa\node_modules\redis\index.js:406:14)
    at Socket.<anonymous> (E:\mm_koa\node_modules\redis\index.js:279:14)
    at Socket.emit (events.js:196:13)
    at emitErrorNT (internal/streams/destroy.js:91:8)
    at emitErrorAndCloseNT (internal/streams/destroy.js:59:3)
    at processTicksAndRejections (internal/process/task_queues.js:84:17)
events.js:173
      throw er; // Unhandled 'error' event
      ^

Error: Redis connection to localhost:6379 failed - read ECONNRESET
    at TCP.onStreamRead (internal/stream_base_commons.js:183:27)
Emitted 'error' event at:
    at RedisClient.on_error (E:\mm_koa\node_modules\redis\index.js:406:14)
    at Socket.<anonymous> (E:\mm_koa\node_modules\redis\index.js:279:14)
    at Socket.emit (events.js:196:13)
    at emitErrorNT (internal/streams/destroy.js:91:8)
    at emitErrorAndCloseNT (internal/streams/destroy.js:59:3)
    at processTicksAndRejections (internal/process/task_queues.js:84:17)
events.js:173
      throw er; // Unhandled 'error' event
      ^

Error: Redis connection to localhost:6379 failed - read ECONNRESET
    at TCP.onStreamRead (internal/stream_base_commons.js:183:27)
Emitted 'error' event at:
    at RedisClient.on_error (E:\mm_koa\node_modules\redis\index.js:406:14)
    at Socket.<anonymous> (E:\mm_koa\node_modules\redis\index.js:279:14)
    at Socket.emit (events.js:196:13)
    at emitErrorNT (internal/streams/destroy.js:91:8)
    at emitErrorAndCloseNT (internal/streams/destroy.js:59:3)
    at processTicksAndRejections (internal/process/task_queues.js:84:17)
events.js:173
      throw er; // Unhandled 'error' event
      ^

Error: Redis connection to localhost:6379 failed - read ECONNRESET
    at TCP.onStreamRead (internal/stream_base_commons.js:183:27)
Emitted 'error' event at:
    at RedisClient.on_error (E:\mm_koa\node_modules\redis\index.js:406:14)
    at Socket.<anonymous> (E:\mm_koa\node_modules\redis\index.js:279:14)
    at Socket.emit (events.js:196:13)
    at emitErrorNT (internal/streams/destroy.js:91:8)
    at emitErrorAndCloseNT (internal/streams/destroy.js:59:3)
    at processTicksAndRejections (internal/process/task_queues.js:84:17)
events.js:173
      throw er; // Unhandled 'error' event
      ^

Error: Redis connection to localhost:6379 failed - read ECONNRESET
    at TCP.onStreamRead (internal/stream_base_commons.js:183:27)
Emitted 'error' event at:
    at RedisClient.on_error (E:\mm_koa\node_modules\redis\index.js:406:14)
    at Socket.<anonymous> (E:\mm_koa\node_modules\redis\index.js:279:14)
    at Socket.emit (events.js:196:13)
    at emitErrorNT (internal/streams/destroy.js:91:8)
    at emitErrorAndCloseNT (internal/streams/destroy.js:59:3)
    at processTicksAndRejections (internal/process/task_queues.js:84:17)
