服务端访问地址为 http://localhost:8000
定时任务, 执行中...
定时任务, 执行中...
已完成
数字货币执行次数 1
数字货币执行次数 2
数字货币执行次数 3
数字货币执行次数 4
数字货币执行次数 5
数字货币执行次数 6
数字货币执行次数 7
数字货币执行次数 8
数字货币执行次数 9
数字货币执行次数 10
数字货币执行次数 11
数字货币执行次数 12
数字货币执行次数 13
数字货币执行次数 14
数字货币执行次数 15
数字货币执行次数 16
数字货币执行次数 17
数字货币执行次数 18
数字货币执行次数 19
数字货币执行次数 20
数字货币执行次数 21
数字货币执行次数 22
数字货币执行次数 23
数字货币执行次数 24
数字货币执行次数 25
数字货币执行次数 26
数字货币执行次数 27
数字货币执行次数 28
数字货币执行次数 29
数字货币执行次数 30
数字货币执行次数 31
数字货币执行次数 32
数字货币执行次数 33
数字货币执行次数 34
数字货币执行次数 35
数字货币执行次数 36
数字货币执行次数 37
数字货币执行次数 38
数字货币执行次数 39
数字货币执行次数 40
数字货币执行次数 41
数字货币执行次数 42
数字货币执行次数 43
数字货币执行次数 44
数字货币执行次数 45
数字货币执行次数 46
数字货币执行次数 47
数字货币执行次数 48
数字货币执行次数 49
数字货币执行次数 50
数字货币执行次数 51
数字货币执行次数 52
数字货币执行次数 53
数字货币执行次数 54
数字货币执行次数 55
数字货币执行次数 56
数字货币执行次数 57
数字货币执行次数 58
数字货币执行次数 59
数字货币执行次数 60
服务端访问地址为 http://localhost:8000
定时任务, 执行中...
服务端访问地址为 http://localhost:8000
定时任务, 执行中...
定时任务, 执行中...
已完成
共0个股票
股票执行次数 1
服务端访问地址为 http://localhost:8000
定时任务, 执行中...
定时任务, 执行中...
已完成
数字货币执行次数 1
数字货币执行次数 2
数字货币执行次数 3
数字货币执行次数 4
数字货币执行次数 5
数字货币执行次数 6
数字货币执行次数 7
数字货币执行次数 8
数字货币执行次数 9
数字货币执行次数 10
数字货币执行次数 11
数字货币执行次数 12
数字货币执行次数 13
数字货币执行次数 14
数字货币执行次数 15
数字货币执行次数 16
数字货币执行次数 17
数字货币执行次数 18
数字货币执行次数 19
数字货币执行次数 20
数字货币执行次数 21
数字货币执行次数 22
数字货币执行次数 23
数字货币执行次数 24
数字货币执行次数 25
数字货币执行次数 26
数字货币执行次数 27
数字货币执行次数 28
数字货币执行次数 29
数字货币执行次数 30
数字货币执行次数 31
数字货币执行次数 32
数字货币执行次数 33
数字货币执行次数 34
数字货币执行次数 35
数字货币执行次数 36
数字货币执行次数 37
数字货币执行次数 38
数字货币执行次数 39
数字货币执行次数 40
数字货币执行次数 41
数字货币执行次数 42
数字货币执行次数 43
数字货币执行次数 44
数字货币执行次数 45
数字货币执行次数 46
数字货币执行次数 47
数字货币执行次数 48
数字货币执行次数 49
数字货币执行次数 50
数字货币执行次数 51
数字货币执行次数 52
数字货币执行次数 53
数字货币执行次数 54
数字货币执行次数 55
数字货币执行次数 56
数字货币执行次数 57
数字货币执行次数 58
数字货币执行次数 59
数字货币执行次数 60
服务端访问地址为 http://localhost:8000
定时任务, 执行中...
定时任务, 执行中...
已完成
服务端访问地址为 http://localhost:8000
定时任务, 执行中...
定时任务, 执行中...
已完成
数字货币执行次数 1
数字货币执行次数 2
数字货币执行次数 3
数字货币执行次数 4
数字货币执行次数 5
数字货币执行次数 6
数字货币执行次数 7
数字货币执行次数 8
数字货币执行次数 9
数字货币执行次数 10
数字货币执行次数 11
数字货币执行次数 12
数字货币执行次数 13
数字货币执行次数 14
数字货币执行次数 15
数字货币执行次数 16
数字货币执行次数 17
数字货币执行次数 18
数字货币执行次数 19
数字货币执行次数 20
数字货币执行次数 21
数字货币执行次数 22
数字货币执行次数 23
数字货币执行次数 24
数字货币执行次数 25
数字货币执行次数 26
数字货币执行次数 27
数字货币执行次数 28
数字货币执行次数 29
数字货币执行次数 30
数字货币执行次数 31
数字货币执行次数 32
数字货币执行次数 33
数字货币执行次数 34
数字货币执行次数 35
数字货币执行次数 36
数字货币执行次数 37
数字货币执行次数 38
数字货币执行次数 39
数字货币执行次数 40
数字货币执行次数 41
数字货币执行次数 42
数字货币执行次数 43
数字货币执行次数 44
数字货币执行次数 45
数字货币执行次数 46
数字货币执行次数 47
数字货币执行次数 48
数字货币执行次数 49
数字货币执行次数 50
数字货币执行次数 51
数字货币执行次数 52
数字货币执行次数 53
数字货币执行次数 54
数字货币执行次数 55
数字货币执行次数 56
数字货币执行次数 57
数字货币执行次数 58
数字货币执行次数 59
服务端访问地址为 http://localhost:8000
定时任务, 执行中...
定时任务, 执行中...
已完成
股票执行次数 1
服务端访问地址为 http://localhost:8000
定时任务, 执行中...
定时任务, 执行中...
已完成
共0个股票
股票执行次数 1
数字货币执行次数 1
数字货币执行次数 2
数字货币执行次数 3
数字货币执行次数 4
数字货币执行次数 5
数字货币执行次数 6
数字货币执行次数 7
数字货币执行次数 8
数字货币执行次数 9
数字货币执行次数 10
数字货币执行次数 11
数字货币执行次数 12
数字货币执行次数 13
数字货币执行次数 14
数字货币执行次数 15
数字货币执行次数 16
数字货币执行次数 17
数字货币执行次数 18
数字货币执行次数 19
数字货币执行次数 20
数字货币执行次数 21
数字货币执行次数 22
数字货币执行次数 23
数字货币执行次数 24
数字货币执行次数 25
数字货币执行次数 26
数字货币执行次数 27
数字货币执行次数 28
数字货币执行次数 29
数字货币执行次数 30
数字货币执行次数 31
数字货币执行次数 32
数字货币执行次数 33
数字货币执行次数 34
数字货币执行次数 35
数字货币执行次数 36
数字货币执行次数 37
数字货币执行次数 38
数字货币执行次数 39
数字货币执行次数 40
数字货币执行次数 41
数字货币执行次数 42
数字货币执行次数 43
数字货币执行次数 44
数字货币执行次数 45
数字货币执行次数 46
数字货币执行次数 47
数字货币执行次数 48
数字货币执行次数 49
数字货币执行次数 50
数字货币执行次数 51
数字货币执行次数 52
数字货币执行次数 53
数字货币执行次数 54
数字货币执行次数 55
数字货币执行次数 56
数字货币执行次数 57
数字货币执行次数 58
数字货币执行次数 59
数字货币执行次数 60
共3316个股票
股票执行次数 2
数字货币执行次数 61
数字货币执行次数 62
数字货币执行次数 63
数字货币执行次数 64
数字货币执行次数 65
数字货币执行次数 66
数字货币执行次数 67
数字货币执行次数 68
数字货币执行次数 69
数字货币执行次数 70
数字货币执行次数 71
数字货币执行次数 72
数字货币执行次数 73
数字货币执行次数 74
数字货币执行次数 75
数字货币执行次数 76
数字货币执行次数 77
数字货币执行次数 78
数字货币执行次数 79
数字货币执行次数 80
数字货币执行次数 81
数字货币执行次数 82
数字货币执行次数 83
数字货币执行次数 84
数字货币执行次数 85
数字货币执行次数 86
数字货币执行次数 87
数字货币执行次数 88
数字货币执行次数 89
数字货币执行次数 90
数字货币执行次数 91
数字货币执行次数 92
数字货币执行次数 93
数字货币执行次数 94
数字货币执行次数 95
数字货币执行次数 96
数字货币执行次数 97
数字货币执行次数 98
数字货币执行次数 99
数字货币执行次数 100
数字货币执行次数 101
数字货币执行次数 102
数字货币执行次数 103
数字货币执行次数 104
数字货币执行次数 105
数字货币执行次数 106
数字货币执行次数 107
数字货币执行次数 108
数字货币执行次数 109
数字货币执行次数 110
数字货币执行次数 111
数字货币执行次数 112
数字货币执行次数 113
数字货币执行次数 114
数字货币执行次数 115
数字货币执行次数 116
数字货币执行次数 117
数字货币执行次数 118
数字货币执行次数 119
数字货币执行次数 120
服务端访问地址为 http://localhost:8000
定时任务, 执行中...
定时任务, 执行中...
已完成
服务端访问地址为 http://localhost:8000
定时任务, 执行中...
定时任务, 执行中...
已完成
